# JRE version: OpenJDK Runtime Environment Temurin-21.0.10+7 (21.0.10+7) (build 21.0.10+7-LTS)
# Java VM: OpenJDK 64-Bit Server VM Temurin-21.0.10+7 (21.0.10+7-LTS, mixed mode, sharing, tiered, compressed oops, compressed class ptrs, parallel gc, windows-amd64)
GC Precious Log:
 CardTable entry size: 512
 CPUs: 12 total, 12 available
 Memory: 16187M
 Large Page Support: Disabled
 NUMA Support: Disabled
 Compressed Oops: Enabled (32-bit)
 Alignments: Space 512K, Generation 512K, Heap 2M
 Heap Min Capacity: 100M
 Heap Initial Capacity: 100M
 Heap Max Capacity: 2G
 Pre-touch: Disabled
 Parallel Workers: 10
Heap:
 PSYoungGen      total 6656K, used 2987K [0x00000000d5580000, 0x00000000d5d00000, 0x0000000100000000)
  eden space 5632K, 42% used [0x00000000d5580000,0x00000000d57dc6c8,0x00000000d5b00000)
  from space 1024K, 55% used [0x00000000d5b00000,0x00000000d5b8e900,0x00000000d5c00000)
  to   space 1024K, 0% used [0x00000000d5c00000,0x00000000d5c00000,0x00000000d5d00000)
 ParOldGen       total 877056K, used 716493K [0x0000000080000000, 0x00000000b5880000, 0x00000000d5580000)
  object space 877056K, 81% used [0x0000000080000000,0x00000000abbb3718,0x00000000b5880000)
 Metaspace       used 93484K, committed 95424K, reserved 1179648K
  class space    used 9506K, committed 10368K, reserved 1048576K
GC Heap History (20 events):
Event: 1011.861 GC heap before
{Heap before GC invocations=2492 (full 5):
 PSYoungGen      total 6144K, used 6042K [0x00000000d5580000, 0x00000000d5d00000, 0x0000000100000000)
  eden space 5632K, 99% used [0x00000000d5580000,0x00000000d5afffe8,0x00000000d5b00000)
  from space 512K, 80% used [0x00000000d5c80000,0x00000000d5ce6900,0x00000000d5d00000)
  to   space 1024K, 0% used [0x00000000d5b00000,0x00000000d5b00000,0x00000000d5c00000)
 ParOldGen       total 877056K, used 712863K [0x0000000080000000, 0x00000000b5880000, 0x00000000d5580000)
  object space 877056K, 81% used [0x0000000080000000,0x00000000ab827c68,0x00000000b5880000)
 Metaspace       used 93463K, committed 95360K, reserved 1179648K
  class space    used 9506K, committed 10368K, reserved 1048576K
}
Event: 1011.863 GC heap after
{Heap after GC invocations=2492 (full 5):
 PSYoungGen      total 6656K, used 256K [0x00000000d5580000, 0x00000000d5d00000, 0x0000000100000000)
  eden space 5632K, 0% used [0x00000000d5580000,0x00000000d5580000,0x00000000d5b00000)
  from space 1024K, 25% used [0x00000000d5b00000,0x00000000d5b40020,0x00000000d5c00000)
  to   space 512K, 0% used [0x00000000d5c80000,0x00000000d5c80000,0x00000000d5d00000)
 ParOldGen       total 877056K, used 712895K [0x0000000080000000, 0x00000000b5880000, 0x00000000d5580000)
  object space 877056K, 81% used [0x0000000080000000,0x00000000ab82fc68,0x00000000b5880000)
 Metaspace       used 93463K, committed 95360K, reserved 1179648K
  class space    used 9506K, committed 10368K, reserved 1048576K
}
Event: 1012.162 GC heap before
{Heap before GC invocations=2493 (full 5):
 PSYoungGen      total 6656K, used 5888K [0x00000000d5580000, 0x00000000d5d00000, 0x0000000100000000)
  eden space 5632K, 100% used [0x00000000d5580000,0x00000000d5b00000,0x00000000d5b00000)
  from space 1024K, 25% used [0x00000000d5b00000,0x00000000d5b40020,0x00000000d5c00000)
  to   space 512K, 0% used [0x00000000d5c80000,0x00000000d5c80000,0x00000000d5d00000)
 ParOldGen       total 877056K, used 712895K [0x0000000080000000, 0x00000000b5880000, 0x00000000d5580000)
  object space 877056K, 81% used [0x0000000080000000,0x00000000ab82fc68,0x00000000b5880000)
 Metaspace       used 93463K, committed 95360K, reserved 1179648K
  class space    used 9506K, committed 10368K, reserved 1048576K
}
Event: 1012.164 GC heap after
{Heap after GC invocations=2493 (full 5):
 PSYoungGen      total 6144K, used 500K [0x00000000d5580000, 0x00000000d5d00000, 0x0000000100000000)
  eden space 5632K, 0% used [0x00000000d5580000,0x00000000d5580000,0x00000000d5b00000)
  from space 512K, 97% used [0x00000000d5c80000,0x00000000d5cfd200,0x00000000d5d00000)
  to   space 1024K, 0% used [0x00000000d5b00000,0x00000000d5b00000,0x00000000d5c00000)
 ParOldGen       total 877056K, used 713119K [0x0000000080000000, 0x00000000b5880000, 0x00000000d5580000)
  object space 877056K, 81% used [0x0000000080000000,0x00000000ab867c88,0x00000000b5880000)
 Metaspace       used 93463K, committed 95360K, reserved 1179648K
  class space    used 9506K, committed 10368K, reserved 1048576K
}
Event: 1012.275 GC heap before
{Heap before GC invocations=2494 (full 5):
 PSYoungGen      total 6144K, used 6132K [0x00000000d5580000, 0x00000000d5d00000, 0x0000000100000000)
  eden space 5632K, 99% used [0x00000000d5580000,0x00000000d5afffd0,0x00000000d5b00000)
  from space 512K, 97% used [0x00000000d5c80000,0x00000000d5cfd200,0x00000000d5d00000)
  to   space 1024K, 0% used [0x00000000d5b00000,0x00000000d5b00000,0x00000000d5c00000)
 ParOldGen       total 877056K, used 713119K [0x0000000080000000, 0x00000000b5880000, 0x00000000d5580000)
  object space 877056K, 81% used [0x0000000080000000,0x00000000ab867c88,0x00000000b5880000)
 Metaspace       used 93467K, committed 95360K, reserved 1179648K
  class space    used 9506K, committed 10368K, reserved 1048576K
}
Event: 1012.277 GC heap after
{Heap after GC invocations=2494 (full 5):
 PSYoungGen      total 6656K, used 282K [0x00000000d5580000, 0x00000000d5d00000, 0x0000000100000000)
  eden space 5632K, 0% used [0x00000000d5580000,0x00000000d5580000,0x00000000d5b00000)
  from space 1024K, 27% used [0x00000000d5b00000,0x00000000d5b46900,0x00000000d5c00000)
  to   space 512K, 0% used [0x00000000d5c80000,0x00000000d5c80000,0x00000000d5d00000)
 ParOldGen       total 877056K, used 713659K [0x0000000080000000, 0x00000000b5880000, 0x00000000d5580000)
  object space 877056K, 81% used [0x0000000080000000,0x00000000ab8eee98,0x00000000b5880000)
 Metaspace       used 93467K, committed 95360K, reserved 1179648K
  class space    used 9506K, committed 10368K, reserved 1048576K
}
Event: 1013.763 GC heap before
{Heap before GC invocations=2495 (full 5):
 PSYoungGen      total 6656K, used 5914K [0x00000000d5580000, 0x00000000d5d00000, 0x0000000100000000)
  eden space 5632K, 100% used [0x00000000d5580000,0x00000000d5b00000,0x00000000d5b00000)
  from space 1024K, 27% used [0x00000000d5b00000,0x00000000d5b46900,0x00000000d5c00000)
  to   space 512K, 0% used [0x00000000d5c80000,0x00000000d5c80000,0x00000000d5d00000)
 ParOldGen       total 877056K, used 713659K [0x0000000080000000, 0x00000000b5880000, 0x00000000d5580000)
  object space 877056K, 81% used [0x0000000080000000,0x00000000ab8eee98,0x00000000b5880000)
 Metaspace       used 93467K, committed 95360K, reserved 1179648K
  class space    used 9506K, committed 10368K, reserved 1048576K
}
Event: 1013.765 GC heap after
{Heap after GC invocations=2495 (full 5):
 PSYoungGen      total 6144K, used 506K [0x00000000d5580000, 0x00000000d5d00000, 0x0000000100000000)
  eden space 5632K, 0% used [0x00000000d5580000,0x00000000d5580000,0x00000000d5b00000)
  from space 512K, 98% used [0x00000000d5c80000,0x00000000d5cfe900,0x00000000d5d00000)
  to   space 1024K, 0% used [0x00000000d5b00000,0x00000000d5b00000,0x00000000d5c00000)
 ParOldGen       total 877056K, used 713715K [0x0000000080000000, 0x00000000b5880000, 0x00000000d5580000)
  object space 877056K, 81% used [0x0000000080000000,0x00000000ab8fce98,0x00000000b5880000)
 Metaspace       used 93467K, committed 95360K, reserved 1179648K
  class space    used 9506K, committed 10368K, reserved 1048576K
}
Event: 1013.774 GC heap before
{Heap before GC invocations=2496 (full 5):
 PSYoungGen      total 6144K, used 6103K [0x00000000d5580000, 0x00000000d5d00000, 0x0000000100000000)
  eden space 5632K, 99% used [0x00000000d5580000,0x00000000d5af76f0,0x00000000d5b00000)
  from space 512K, 98% used [0x00000000d5c80000,0x00000000d5cfe900,0x00000000d5d00000)
  to   space 1024K, 0% used [0x00000000d5b00000,0x00000000d5b00000,0x00000000d5c00000)
 ParOldGen       total 877056K, used 713715K [0x0000000080000000, 0x00000000b5880000, 0x00000000d5580000)
  object space 877056K, 81% used [0x0000000080000000,0x00000000ab8fce98,0x00000000b5880000)
 Metaspace       used 93468K, committed 95360K, reserved 1179648K
  class space    used 9506K, committed 10368K, reserved 1048576K
}
Event: 1013.775 GC heap after
{Heap after GC invocations=2496 (full 5):
 PSYoungGen      total 6656K, used 575K [0x00000000d5580000, 0x00000000d5d00000, 0x0000000100000000)
  eden space 5632K, 0% used [0x00000000d5580000,0x00000000d5580000,0x00000000d5b00000)
  from space 1024K, 56% used [0x00000000d5b00000,0x00000000d5b8fcb0,0x00000000d5c00000)
  to   space 1024K, 0% used [0x00000000d5c00000,0x00000000d5c00000,0x00000000d5d00000)
 ParOldGen       total 877056K, used 714184K [0x0000000080000000, 0x00000000b5880000, 0x00000000d5580000)
  object space 877056K, 81% used [0x0000000080000000,0x00000000ab972098,0x00000000b5880000)
 Metaspace       used 93468K, committed 95360K, reserved 1179648K
  class space    used 9506K, committed 10368K, reserved 1048576K
}
Event: 1013.785 GC heap before
{Heap before GC invocations=2497 (full 5):
 PSYoungGen      total 6656K, used 6207K [0x00000000d5580000, 0x00000000d5d00000, 0x0000000100000000)
  eden space 5632K, 100% used [0x00000000d5580000,0x00000000d5b00000,0x00000000d5b00000)
  from space 1024K, 56% used [0x00000000d5b00000,0x00000000d5b8fcb0,0x00000000d5c00000)
  to   space 1024K, 0% used [0x00000000d5c00000,0x00000000d5c00000,0x00000000d5d00000)
 ParOldGen       total 877056K, used 714184K [0x0000000080000000, 0x00000000b5880000, 0x00000000d5580000)
  object space 877056K, 81% used [0x0000000080000000,0x00000000ab972098,0x00000000b5880000)
 Metaspace       used 93468K, committed 95360K, reserved 1179648K
  class space    used 9506K, committed 10368K, reserved 1048576K
}
Event: 1013.786 GC heap after
{Heap after GC invocations=2497 (full 5):
 PSYoungGen      total 6656K, used 602K [0x00000000d5580000, 0x00000000d5d00000, 0x0000000100000000)
  eden space 5632K, 0% used [0x00000000d5580000,0x00000000d5580000,0x00000000d5b00000)
  from space 1024K, 58% used [0x00000000d5c00000,0x00000000d5c96900,0x00000000d5d00000)
  to   space 1024K, 0% used [0x00000000d5b00000,0x00000000d5b00000,0x00000000d5c00000)
 ParOldGen       total 877056K, used 714352K [0x0000000080000000, 0x00000000b5880000, 0x00000000d5580000)
  object space 877056K, 81% used [0x0000000080000000,0x00000000ab99c0b8,0x00000000b5880000)
 Metaspace       used 93468K, committed 95360K, reserved 1179648K
  class space    used 9506K, committed 10368K, reserved 1048576K
}
Event: 1013.794 GC heap before
{Heap before GC invocations=2498 (full 5):
 PSYoungGen      total 6656K, used 6089K [0x00000000d5580000, 0x00000000d5d00000, 0x0000000100000000)
  eden space 5632K, 97% used [0x00000000d5580000,0x00000000d5adbdb0,0x00000000d5b00000)
  from space 1024K, 58% used [0x00000000d5c00000,0x00000000d5c96900,0x00000000d5d00000)
  to   space 1024K, 0% used [0x00000000d5b00000,0x00000000d5b00000,0x00000000d5c00000)
 ParOldGen       total 877056K, used 714352K [0x0000000080000000, 0x00000000b5880000, 0x00000000d5580000)
  object space 877056K, 81% used [0x0000000080000000,0x00000000ab99c0b8,0x00000000b5880000)
 Metaspace       used 93469K, committed 95360K, reserved 1179648K
  class space    used 9506K, committed 10368K, reserved 1048576K
}
Event: 1013.796 GC heap after
{Heap after GC invocations=2498 (full 5):
 PSYoungGen      total 6656K, used 352K [0x00000000d5580000, 0x00000000d5c80000, 0x0000000100000000)
  eden space 5632K, 0% used [0x00000000d5580000,0x00000000d5580000,0x00000000d5b00000)
  from space 1024K, 34% used [0x00000000d5b00000,0x00000000d5b58000,0x00000000d5c00000)
  to   space 512K, 0% used [0x00000000d5c00000,0x00000000d5c00000,0x00000000d5c80000)
 ParOldGen       total 877056K, used 714820K [0x0000000080000000, 0x00000000b5880000, 0x00000000d5580000)
  object space 877056K, 81% used [0x0000000080000000,0x00000000aba112b8,0x00000000b5880000)
 Metaspace       used 93469K, committed 95360K, reserved 1179648K
  class space    used 9506K, committed 10368K, reserved 1048576K
}
Event: 1028.762 GC heap before
{Heap before GC invocations=2499 (full 5):
 PSYoungGen      total 6656K, used 5984K [0x00000000d5580000, 0x00000000d5c80000, 0x0000000100000000)
  eden space 5632K, 100% used [0x00000000d5580000,0x00000000d5b00000,0x00000000d5b00000)
  from space 1024K, 34% used [0x00000000d5b00000,0x00000000d5b58000,0x00000000d5c00000)
  to   space 512K, 0% used [0x00000000d5c00000,0x00000000d5c00000,0x00000000d5c80000)
 ParOldGen       total 877056K, used 714820K [0x0000000080000000, 0x00000000b5880000, 0x00000000d5580000)
  object space 877056K, 81% used [0x0000000080000000,0x00000000aba112b8,0x00000000b5880000)
 Metaspace       used 93471K, committed 95360K, reserved 1179648K
  class space    used 9506K, committed 10368K, reserved 1048576K
}
Event: 1028.764 GC heap after
{Heap after GC invocations=2499 (full 5):
 PSYoungGen      total 6144K, used 282K [0x00000000d5580000, 0x00000000d5c80000, 0x0000000100000000)
  eden space 5632K, 0% used [0x00000000d5580000,0x00000000d5580000,0x00000000d5b00000)
  from space 512K, 55% used [0x00000000d5c00000,0x00000000d5c46900,0x00000000d5c80000)
  to   space 512K, 0% used [0x00000000d5b80000,0x00000000d5b80000,0x00000000d5c00000)
 ParOldGen       total 877056K, used 714988K [0x0000000080000000, 0x00000000b5880000, 0x00000000d5580000)
  object space 877056K, 81% used [0x0000000080000000,0x00000000aba3b2d8,0x00000000b5880000)
 Metaspace       used 93471K, committed 95360K, reserved 1179648K
  class space    used 9506K, committed 10368K, reserved 1048576K
}
Event: 1028.862 GC heap before
{Heap before GC invocations=2500 (full 5):
 PSYoungGen      total 6144K, used 5914K [0x00000000d5580000, 0x00000000d5c80000, 0x0000000100000000)
  eden space 5632K, 100% used [0x00000000d5580000,0x00000000d5b00000,0x00000000d5b00000)
  from space 512K, 55% used [0x00000000d5c00000,0x00000000d5c46900,0x00000000d5c80000)
  to   space 512K, 0% used [0x00000000d5b80000,0x00000000d5b80000,0x00000000d5c00000)
 ParOldGen       total 877056K, used 714988K [0x0000000080000000, 0x00000000b5880000, 0x00000000d5580000)
  object space 877056K, 81% used [0x0000000080000000,0x00000000aba3b2d8,0x00000000b5880000)
 Metaspace       used 93481K, committed 95424K, reserved 1179648K
  class space    used 9506K, committed 10368K, reserved 1048576K
}
Event: 1028.865 GC heap after
{Heap after GC invocations=2500 (full 5):
 PSYoungGen      total 6144K, used 512K [0x00000000d5580000, 0x00000000d5d00000, 0x0000000100000000)
  eden space 5632K, 0% used [0x00000000d5580000,0x00000000d5580000,0x00000000d5b00000)
  from space 512K, 100% used [0x00000000d5b80000,0x00000000d5c00000,0x00000000d5c00000)
  to   space 1024K, 0% used [0x00000000d5c00000,0x00000000d5c00000,0x00000000d5d00000)
 ParOldGen       total 877056K, used 715281K [0x0000000080000000, 0x00000000b5880000, 0x00000000d5580000)
  object space 877056K, 81% used [0x0000000080000000,0x00000000aba84508,0x00000000b5880000)
 Metaspace       used 93481K, committed 95424K, reserved 1179648K
  class space    used 9506K, committed 10368K, reserved 1048576K
}
Event: 1038.578 GC heap before
{Heap before GC invocations=2501 (full 5):
 PSYoungGen      total 6144K, used 6144K [0x00000000d5580000, 0x00000000d5d00000, 0x0000000100000000)
  eden space 5632K, 100% used [0x00000000d5580000,0x00000000d5b00000,0x00000000d5b00000)
  from space 512K, 100% used [0x00000000d5b80000,0x00000000d5c00000,0x00000000d5c00000)
  to   space 1024K, 0% used [0x00000000d5c00000,0x00000000d5c00000,0x00000000d5d00000)
 ParOldGen       total 877056K, used 715281K [0x0000000080000000, 0x00000000b5880000, 0x00000000d5580000)
  object space 877056K, 81% used [0x0000000080000000,0x00000000aba84508,0x00000000b5880000)
 Metaspace       used 93481K, committed 95424K, reserved 1179648K
  class space    used 9506K, committed 10368K, reserved 1048576K
}
Event: 1038.579 GC heap after
{Heap after GC invocations=2501 (full 5):
 PSYoungGen      total 6656K, used 762K [0x00000000d5580000, 0x00000000d5d00000, 0x0000000100000000)
  eden space 5632K, 0% used [0x00000000d5580000,0x00000000d5580000,0x00000000d5b00000)
  from space 1024K, 74% used [0x00000000d5c00000,0x00000000d5cbe900,0x00000000d5d00000)
  to   space 1024K, 0% used [0x00000000d5b00000,0x00000000d5b00000,0x00000000d5c00000)
 ParOldGen       total 877056K, used 715833K [0x0000000080000000, 0x00000000b5880000, 0x00000000d5580000)
  object space 877056K, 81% used [0x0000000080000000,0x00000000abb0e508,0x00000000b5880000)
 Metaspace       used 93481K, committed 95424K, reserved 1179648K
  class space    used 9506K, committed 10368K, reserved 1048576K
}

