# JRE version: OpenJDK Runtime Environment Temurin-21.0.10+7 (21.0.10+7) (build 21.0.10+7-LTS)
# Java VM: OpenJDK 64-Bit Server VM Temurin-21.0.10+7 (21.0.10+7-LTS, mixed mode, sharing, tiered, compressed oops, compressed class ptrs, parallel gc, windows-amd64)
GC Precious Log:
 CardTable entry size: 512
 CPUs: 12 total, 12 available
 Memory: 16187M
 Large Page Support: Disabled
 NUMA Support: Disabled
 Compressed Oops: Enabled (32-bit)
 Alignments: Space 512K, Generation 512K, Heap 2M
 Heap Min Capacity: 100M
 Heap Initial Capacity: 100M
 Heap Max Capacity: 2G
 Pre-touch: Disabled
 Parallel Workers: 10
Heap:
 PSYoungGen      total 15872K, used 5037K [0x00000000d5580000, 0x00000000d6b00000, 0x0000000100000000)
  eden space 14848K, 27% used [0x00000000d5580000,0x00000000d5983430,0x00000000d6400000)
  from space 1024K, 90% used [0x00000000d6a00000,0x00000000d6ae8000,0x00000000d6b00000)
  to   space 2560K, 0% used [0x00000000d6600000,0x00000000d6600000,0x00000000d6880000)
 ParOldGen       total 83456K, used 83267K [0x0000000080000000, 0x0000000085180000, 0x00000000d5580000)
  object space 83456K, 99% used [0x0000000080000000,0x0000000085150db0,0x0000000085180000)
 Metaspace       used 69418K, committed 70976K, reserved 1114112K
  class space    used 7313K, committed 8000K, reserved 1048576K
GC Heap History (20 events):
Event: 40.623 GC heap before
{Heap before GC invocations=66 (full 3):
 PSYoungGen      total 16384K, used 16370K [0x00000000d5580000, 0x00000000d7180000, 0x0000000100000000)
  eden space 15360K, 100% used [0x00000000d5580000,0x00000000d6480000,0x00000000d6480000)
  from space 1024K, 98% used [0x00000000d6980000,0x00000000d6a7caf8,0x00000000d6a80000)
  to   space 5120K, 0% used [0x00000000d6480000,0x00000000d6480000,0x00000000d6980000)
 ParOldGen       total 71168K, used 70913K [0x0000000080000000, 0x0000000084580000, 0x00000000d5580000)
  object space 71168K, 99% used [0x0000000080000000,0x0000000084540580,0x0000000084580000)
 Metaspace       used 64157K, committed 65728K, reserved 1114112K
  class space    used 6817K, committed 7488K, reserved 1048576K
}
Event: 40.627 GC heap after
{Heap after GC invocations=66 (full 3):
 PSYoungGen      total 17920K, used 2482K [0x00000000d5580000, 0x00000000d6b80000, 0x0000000100000000)
  eden space 15360K, 0% used [0x00000000d5580000,0x00000000d5580000,0x00000000d6480000)
  from space 2560K, 96% used [0x00000000d6480000,0x00000000d66eca58,0x00000000d6700000)
  to   space 3584K, 0% used [0x00000000d6800000,0x00000000d6800000,0x00000000d6b80000)
 ParOldGen       total 72192K, used 71947K [0x0000000080000000, 0x0000000084680000, 0x00000000d5580000)
  object space 72192K, 99% used [0x0000000080000000,0x0000000084642c40,0x0000000084680000)
 Metaspace       used 64157K, committed 65728K, reserved 1114112K
  class space    used 6817K, committed 7488K, reserved 1048576K
}
Event: 41.024 GC heap before
{Heap before GC invocations=67 (full 3):
 PSYoungGen      total 17920K, used 17842K [0x00000000d5580000, 0x00000000d6b80000, 0x0000000100000000)
  eden space 15360K, 100% used [0x00000000d5580000,0x00000000d6480000,0x00000000d6480000)
  from space 2560K, 96% used [0x00000000d6480000,0x00000000d66eca58,0x00000000d6700000)
  to   space 3584K, 0% used [0x00000000d6800000,0x00000000d6800000,0x00000000d6b80000)
 ParOldGen       total 72192K, used 71947K [0x0000000080000000, 0x0000000084680000, 0x00000000d5580000)
  object space 72192K, 99% used [0x0000000080000000,0x0000000084642c40,0x0000000084680000)
 Metaspace       used 64547K, committed 66112K, reserved 1114112K
  class space    used 6868K, committed 7552K, reserved 1048576K
}
Event: 41.027 GC heap after
{Heap after GC invocations=67 (full 3):
 PSYoungGen      total 16896K, used 1120K [0x00000000d5580000, 0x00000000d6980000, 0x0000000100000000)
  eden space 15360K, 0% used [0x00000000d5580000,0x00000000d5580000,0x00000000d6480000)
  from space 1536K, 72% used [0x00000000d6800000,0x00000000d6918040,0x00000000d6980000)
  to   space 2048K, 0% used [0x00000000d6580000,0x00000000d6580000,0x00000000d6780000)
 ParOldGen       total 73728K, used 73678K [0x0000000080000000, 0x0000000084800000, 0x00000000d5580000)
  object space 73728K, 99% used [0x0000000080000000,0x00000000847f3840,0x0000000084800000)
 Metaspace       used 64547K, committed 66112K, reserved 1114112K
  class space    used 6868K, committed 7552K, reserved 1048576K
}
Event: 41.426 GC heap before
{Heap before GC invocations=68 (full 3):
 PSYoungGen      total 16896K, used 16480K [0x00000000d5580000, 0x00000000d6980000, 0x0000000100000000)
  eden space 15360K, 100% used [0x00000000d5580000,0x00000000d6480000,0x00000000d6480000)
  from space 1536K, 72% used [0x00000000d6800000,0x00000000d6918040,0x00000000d6980000)
  to   space 2048K, 0% used [0x00000000d6580000,0x00000000d6580000,0x00000000d6780000)
 ParOldGen       total 73728K, used 73678K [0x0000000080000000, 0x0000000084800000, 0x00000000d5580000)
  object space 73728K, 99% used [0x0000000080000000,0x00000000847f3840,0x0000000084800000)
 Metaspace       used 64960K, committed 66560K, reserved 1114112K
  class space    used 6912K, committed 7616K, reserved 1048576K
}
Event: 41.431 GC heap after
{Heap after GC invocations=68 (full 3):
 PSYoungGen      total 17408K, used 1792K [0x00000000d5580000, 0x00000000d6880000, 0x0000000100000000)
  eden space 15360K, 0% used [0x00000000d5580000,0x00000000d5580000,0x00000000d6480000)
  from space 2048K, 87% used [0x00000000d6580000,0x00000000d6740000,0x00000000d6780000)
  to   space 1024K, 0% used [0x00000000d6780000,0x00000000d6780000,0x00000000d6880000)
 ParOldGen       total 74752K, used 74542K [0x0000000080000000, 0x0000000084900000, 0x00000000d5580000)
  object space 74752K, 99% used [0x0000000080000000,0x00000000848cb880,0x0000000084900000)
 Metaspace       used 64960K, committed 66560K, reserved 1114112K
  class space    used 6912K, committed 7616K, reserved 1048576K
}
Event: 42.065 GC heap before
{Heap before GC invocations=69 (full 3):
 PSYoungGen      total 17408K, used 17000K [0x00000000d5580000, 0x00000000d6880000, 0x0000000100000000)
  eden space 15360K, 99% used [0x00000000d5580000,0x00000000d645a110,0x00000000d6480000)
  from space 2048K, 87% used [0x00000000d6580000,0x00000000d6740000,0x00000000d6780000)
  to   space 1024K, 0% used [0x00000000d6780000,0x00000000d6780000,0x00000000d6880000)
 ParOldGen       total 74752K, used 74542K [0x0000000080000000, 0x0000000084900000, 0x00000000d5580000)
  object space 74752K, 99% used [0x0000000080000000,0x00000000848cb880,0x0000000084900000)
 Metaspace       used 65745K, committed 67392K, reserved 1114112K
  class space    used 6998K, committed 7680K, reserved 1048576K
}
Event: 42.068 GC heap after
{Heap after GC invocations=69 (full 3):
 PSYoungGen      total 15872K, used 1018K [0x00000000d5580000, 0x00000000d6b80000, 0x0000000100000000)
  eden space 14848K, 0% used [0x00000000d5580000,0x00000000d5580000,0x00000000d6400000)
  from space 1024K, 99% used [0x00000000d6780000,0x00000000d687ebb0,0x00000000d6880000)
  to   space 3584K, 0% used [0x00000000d6400000,0x00000000d6400000,0x00000000d6780000)
 ParOldGen       total 76800K, used 76747K [0x0000000080000000, 0x0000000084b00000, 0x00000000d5580000)
  object space 76800K, 99% used [0x0000000080000000,0x0000000084af2c88,0x0000000084b00000)
 Metaspace       used 65745K, committed 67392K, reserved 1114112K
  class space    used 6998K, committed 7680K, reserved 1048576K
}
Event: 42.376 GC heap before
{Heap before GC invocations=70 (full 3):
 PSYoungGen      total 15872K, used 15180K [0x00000000d5580000, 0x00000000d6b80000, 0x0000000100000000)
  eden space 14848K, 95% used [0x00000000d5580000,0x00000000d6354670,0x00000000d6400000)
  from space 1024K, 99% used [0x00000000d6780000,0x00000000d687ebb0,0x00000000d6880000)
  to   space 3584K, 0% used [0x00000000d6400000,0x00000000d6400000,0x00000000d6780000)
 ParOldGen       total 76800K, used 76747K [0x0000000080000000, 0x0000000084b00000, 0x00000000d5580000)
  object space 76800K, 99% used [0x0000000080000000,0x0000000084af2c88,0x0000000084b00000)
 Metaspace       used 66189K, committed 67840K, reserved 1114112K
  class space    used 7031K, committed 7744K, reserved 1048576K
}
Event: 42.378 GC heap after
{Heap after GC invocations=70 (full 3):
 PSYoungGen      total 15872K, used 532K [0x00000000d5580000, 0x00000000d6800000, 0x0000000100000000)
  eden space 14848K, 0% used [0x00000000d5580000,0x00000000d5580000,0x00000000d6400000)
  from space 1024K, 52% used [0x00000000d6400000,0x00000000d6485200,0x00000000d6500000)
  to   space 1536K, 0% used [0x00000000d6680000,0x00000000d6680000,0x00000000d6800000)
 ParOldGen       total 77312K, used 77242K [0x0000000080000000, 0x0000000084b80000, 0x00000000d5580000)
  object space 77312K, 99% used [0x0000000080000000,0x0000000084b6ea20,0x0000000084b80000)
 Metaspace       used 66189K, committed 67840K, reserved 1114112K
  class space    used 7031K, committed 7744K, reserved 1048576K
}
Event: 42.670 GC heap before
{Heap before GC invocations=71 (full 3):
 PSYoungGen      total 15872K, used 15380K [0x00000000d5580000, 0x00000000d6800000, 0x0000000100000000)
  eden space 14848K, 100% used [0x00000000d5580000,0x00000000d6400000,0x00000000d6400000)
  from space 1024K, 52% used [0x00000000d6400000,0x00000000d6485200,0x00000000d6500000)
  to   space 1536K, 0% used [0x00000000d6680000,0x00000000d6680000,0x00000000d6800000)
 ParOldGen       total 77312K, used 77242K [0x0000000080000000, 0x0000000084b80000, 0x00000000d5580000)
  object space 77312K, 99% used [0x0000000080000000,0x0000000084b6ea20,0x0000000084b80000)
 Metaspace       used 67190K, committed 68736K, reserved 1114112K
  class space    used 7109K, committed 7808K, reserved 1048576K
}
Event: 42.672 GC heap after
{Heap after GC invocations=71 (full 3):
 PSYoungGen      total 16384K, used 1275K [0x00000000d5580000, 0x00000000d6800000, 0x0000000100000000)
  eden space 14848K, 0% used [0x00000000d5580000,0x00000000d5580000,0x00000000d6400000)
  from space 1536K, 83% used [0x00000000d6680000,0x00000000d67bec98,0x00000000d6800000)
  to   space 1536K, 0% used [0x00000000d6500000,0x00000000d6500000,0x00000000d6680000)
 ParOldGen       total 77824K, used 77418K [0x0000000080000000, 0x0000000084c00000, 0x00000000d5580000)
  object space 77824K, 99% used [0x0000000080000000,0x0000000084b9aa20,0x0000000084c00000)
 Metaspace       used 67190K, committed 68736K, reserved 1114112K
  class space    used 7109K, committed 7808K, reserved 1048576K
}
Event: 66.715 GC heap before
{Heap before GC invocations=72 (full 3):
 PSYoungGen      total 16384K, used 16123K [0x00000000d5580000, 0x00000000d6800000, 0x0000000100000000)
  eden space 14848K, 100% used [0x00000000d5580000,0x00000000d6400000,0x00000000d6400000)
  from space 1536K, 83% used [0x00000000d6680000,0x00000000d67bec98,0x00000000d6800000)
  to   space 1536K, 0% used [0x00000000d6500000,0x00000000d6500000,0x00000000d6680000)
 ParOldGen       total 77824K, used 77418K [0x0000000080000000, 0x0000000084c00000, 0x00000000d5580000)
  object space 77824K, 99% used [0x0000000080000000,0x0000000084b9aa20,0x0000000084c00000)
 Metaspace       used 68091K, committed 69760K, reserved 1114112K
  class space    used 7214K, committed 7936K, reserved 1048576K
}
Event: 66.717 GC heap after
{Heap after GC invocations=72 (full 3):
 PSYoungGen      total 15872K, used 928K [0x00000000d5580000, 0x00000000d6700000, 0x0000000100000000)
  eden space 14848K, 0% used [0x00000000d5580000,0x00000000d5580000,0x00000000d6400000)
  from space 1024K, 90% used [0x00000000d6500000,0x00000000d65e8000,0x00000000d6600000)
  to   space 1024K, 0% used [0x00000000d6600000,0x00000000d6600000,0x00000000d6700000)
 ParOldGen       total 78336K, used 78305K [0x0000000080000000, 0x0000000084c80000, 0x00000000d5580000)
  object space 78336K, 99% used [0x0000000080000000,0x0000000084c785a8,0x0000000084c80000)
 Metaspace       used 68091K, committed 69760K, reserved 1114112K
  class space    used 7214K, committed 7936K, reserved 1048576K
}
Event: 116.989 GC heap before
{Heap before GC invocations=73 (full 3):
 PSYoungGen      total 15872K, used 15776K [0x00000000d5580000, 0x00000000d6700000, 0x0000000100000000)
  eden space 14848K, 100% used [0x00000000d5580000,0x00000000d6400000,0x00000000d6400000)
  from space 1024K, 90% used [0x00000000d6500000,0x00000000d65e8000,0x00000000d6600000)
  to   space 1024K, 0% used [0x00000000d6600000,0x00000000d6600000,0x00000000d6700000)
 ParOldGen       total 78336K, used 78305K [0x0000000080000000, 0x0000000084c80000, 0x00000000d5580000)
  object space 78336K, 99% used [0x0000000080000000,0x0000000084c785a8,0x0000000084c80000)
 Metaspace       used 68358K, committed 69952K, reserved 1114112K
  class space    used 7233K, committed 7936K, reserved 1048576K
}
Event: 116.990 GC heap after
{Heap after GC invocations=73 (full 3):
 PSYoungGen      total 15360K, used 416K [0x00000000d5580000, 0x00000000d6680000, 0x0000000100000000)
  eden space 14848K, 0% used [0x00000000d5580000,0x00000000d5580000,0x00000000d6400000)
  from space 512K, 81% used [0x00000000d6600000,0x00000000d6668020,0x00000000d6680000)
  to   space 1024K, 0% used [0x00000000d6480000,0x00000000d6480000,0x00000000d6580000)
 ParOldGen       total 79360K, used 79065K [0x0000000080000000, 0x0000000084d80000, 0x00000000d5580000)
  object space 79360K, 99% used [0x0000000080000000,0x0000000084d364f8,0x0000000084d80000)
 Metaspace       used 68358K, committed 69952K, reserved 1114112K
  class space    used 7233K, committed 7936K, reserved 1048576K
}
Event: 117.158 GC heap before
{Heap before GC invocations=74 (full 3):
 PSYoungGen      total 15360K, used 15250K [0x00000000d5580000, 0x00000000d6680000, 0x0000000100000000)
  eden space 14848K, 99% used [0x00000000d5580000,0x00000000d63fcad8,0x00000000d6400000)
  from space 512K, 81% used [0x00000000d6600000,0x00000000d6668020,0x00000000d6680000)
  to   space 1024K, 0% used [0x00000000d6480000,0x00000000d6480000,0x00000000d6580000)
 ParOldGen       total 79360K, used 79065K [0x0000000080000000, 0x0000000084d80000, 0x00000000d5580000)
  object space 79360K, 99% used [0x0000000080000000,0x0000000084d364f8,0x0000000084d80000)
 Metaspace       used 68582K, committed 70208K, reserved 1114112K
  class space    used 7251K, committed 8000K, reserved 1048576K
}
Event: 117.162 GC heap after
{Heap after GC invocations=74 (full 3):
 PSYoungGen      total 15872K, used 1016K [0x00000000d5580000, 0x00000000d7000000, 0x0000000100000000)
  eden space 14848K, 0% used [0x00000000d5580000,0x00000000d5580000,0x00000000d6400000)
  from space 1024K, 99% used [0x00000000d6480000,0x00000000d657e1e8,0x00000000d6580000)
  to   space 6144K, 0% used [0x00000000d6a00000,0x00000000d6a00000,0x00000000d7000000)
 ParOldGen       total 83456K, used 83123K [0x0000000080000000, 0x0000000085180000, 0x00000000d5580000)
  object space 83456K, 99% used [0x0000000080000000,0x000000008512cdb0,0x0000000085180000)
 Metaspace       used 68582K, committed 70208K, reserved 1114112K
  class space    used 7251K, committed 8000K, reserved 1048576K
}
Event: 417.053 GC heap before
{Heap before GC invocations=75 (full 3):
 PSYoungGen      total 15872K, used 15864K [0x00000000d5580000, 0x00000000d7000000, 0x0000000100000000)
  eden space 14848K, 100% used [0x00000000d5580000,0x00000000d6400000,0x00000000d6400000)
  from space 1024K, 99% used [0x00000000d6480000,0x00000000d657e1e8,0x00000000d6580000)
  to   space 6144K, 0% used [0x00000000d6a00000,0x00000000d6a00000,0x00000000d7000000)
 ParOldGen       total 83456K, used 83123K [0x0000000080000000, 0x0000000085180000, 0x00000000d5580000)
  object space 83456K, 99% used [0x0000000080000000,0x000000008512cdb0,0x0000000085180000)
 Metaspace       used 69010K, committed 70592K, reserved 1114112K
  class space    used 7282K, committed 8000K, reserved 1048576K
}
Event: 417.056 GC heap after
{Heap after GC invocations=75 (full 3):
 PSYoungGen      total 15872K, used 928K [0x00000000d5580000, 0x00000000d6b00000, 0x0000000100000000)
  eden space 14848K, 0% used [0x00000000d5580000,0x00000000d5580000,0x00000000d6400000)
  from space 1024K, 90% used [0x00000000d6a00000,0x00000000d6ae8000,0x00000000d6b00000)
  to   space 2560K, 0% used [0x00000000d6600000,0x00000000d6600000,0x00000000d6880000)
 ParOldGen       total 83456K, used 83267K [0x0000000080000000, 0x0000000085180000, 0x00000000d5580000)
  object space 83456K, 99% used [0x0000000080000000,0x0000000085150db0,0x0000000085180000)
 Metaspace       used 69010K, committed 70592K, reserved 1114112K
  class space    used 7282K, committed 8000K, reserved 1048576K
}

