# JRE version: Java(TM) SE Runtime Environment (17.0.12+8) (build 17.0.12+8-LTS-286)
# Java VM: Java HotSpot(TM) 64-Bit Server VM (17.0.12+8-LTS-286, mixed mode, sharing, tiered, compressed oops, compressed class ptrs, g1 gc, windows-amd64)
GC Precious Log:
 CPUs: 12 total, 12 available
 Memory: 16187M
 Large Page Support: Disabled
 NUMA Support: Disabled
 Compressed Oops: Enabled (Zero based)
 Heap Region Size: 2M
 Heap Min Capacity: 8M
 Heap Initial Capacity: 254M
 Heap Max Capacity: 4048M
 Pre-touch: Disabled
 Parallel Workers: 10
 Concurrent Workers: 3
 Concurrent Refinement Workers: 10
 Periodic GC: Disabled
Heap:
 garbage-first heap   total 102400K, used 56024K [0x0000000703000000, 0x0000000800000000)
  region size 2048K, 10 young (20480K), 2 survivors (4096K)
 Metaspace       used 77748K, committed 78464K, reserved 1179648K
  class space    used 10298K, committed 10624K, reserved 1048576K
GC Heap History (20 events):
Event: 202.211 GC heap before
{Heap before GC invocations=22 (full 3):
 garbage-first heap   total 102400K, used 80423K [0x0000000703000000, 0x0000000800000000)
  region size 2048K, 25 young (51200K), 0 survivors (0K)
 Metaspace       used 67774K, committed 68416K, reserved 1114112K
  class space    used 9146K, committed 9472K, reserved 1048576K
}
Event: 202.216 GC heap after
{Heap after GC invocations=23 (full 3):
 garbage-first heap   total 102400K, used 32765K [0x0000000703000000, 0x0000000800000000)
  region size 2048K, 2 young (4096K), 2 survivors (4096K)
 Metaspace       used 67774K, committed 68416K, reserved 1114112K
  class space    used 9146K, committed 9472K, reserved 1048576K
}
Event: 239.839 GC heap before
{Heap before GC invocations=23 (full 3):
 garbage-first heap   total 102400K, used 75773K [0x0000000703000000, 0x0000000800000000)
  region size 2048K, 24 young (49152K), 2 survivors (4096K)
 Metaspace       used 68179K, committed 68800K, reserved 1114112K
  class space    used 9164K, committed 9472K, reserved 1048576K
}
Event: 239.874 GC heap after
{Heap after GC invocations=24 (full 4):
 garbage-first heap   total 102400K, used 29457K [0x0000000703000000, 0x0000000800000000)
  region size 2048K, 0 young (0K), 0 survivors (0K)
 Metaspace       used 68177K, committed 68800K, reserved 1114112K
  class space    used 9164K, committed 9472K, reserved 1048576K
}
Event: 241.465 GC heap before
{Heap before GC invocations=24 (full 4):
 garbage-first heap   total 102400K, used 78609K [0x0000000703000000, 0x0000000800000000)
  region size 2048K, 24 young (49152K), 0 survivors (0K)
 Metaspace       used 68260K, committed 68864K, reserved 1114112K
  class space    used 9167K, committed 9472K, reserved 1048576K
}
Event: 241.468 GC heap after
{Heap after GC invocations=25 (full 4):
 garbage-first heap   total 102400K, used 32917K [0x0000000703000000, 0x0000000800000000)
  region size 2048K, 2 young (4096K), 2 survivors (4096K)
 Metaspace       used 68260K, committed 68864K, reserved 1114112K
  class space    used 9167K, committed 9472K, reserved 1048576K
}
Event: 250.573 GC heap before
{Heap before GC invocations=25 (full 4):
 garbage-first heap   total 102400K, used 77973K [0x0000000703000000, 0x0000000800000000)
  region size 2048K, 24 young (49152K), 2 survivors (4096K)
 Metaspace       used 68834K, committed 69504K, reserved 1114112K
  class space    used 9218K, committed 9536K, reserved 1048576K
}
Event: 250.577 GC heap after
{Heap after GC invocations=26 (full 4):
 garbage-first heap   total 102400K, used 33492K [0x0000000703000000, 0x0000000800000000)
  region size 2048K, 1 young (2048K), 1 survivors (2048K)
 Metaspace       used 68834K, committed 69504K, reserved 1114112K
  class space    used 9218K, committed 9536K, reserved 1048576K
}
Event: 527.033 GC heap before
{Heap before GC invocations=26 (full 4):
 garbage-first heap   total 102400K, used 76500K [0x0000000703000000, 0x0000000800000000)
  region size 2048K, 23 young (47104K), 1 survivors (2048K)
 Metaspace       used 68954K, committed 69568K, reserved 1114112K
  class space    used 9228K, committed 9536K, reserved 1048576K
}
Event: 527.038 GC heap after
{Heap after GC invocations=27 (full 4):
 garbage-first heap   total 102400K, used 37403K [0x0000000703000000, 0x0000000800000000)
  region size 2048K, 3 young (6144K), 3 survivors (6144K)
 Metaspace       used 68954K, committed 69568K, reserved 1114112K
  class space    used 9228K, committed 9536K, reserved 1048576K
}
Event: 527.782 GC heap before
{Heap before GC invocations=27 (full 4):
 garbage-first heap   total 102400K, used 74267K [0x0000000703000000, 0x0000000800000000)
  region size 2048K, 22 young (45056K), 3 survivors (6144K)
 Metaspace       used 69927K, committed 70592K, reserved 1114112K
  class space    used 9326K, committed 9664K, reserved 1048576K
}
Event: 527.787 GC heap after
{Heap after GC invocations=28 (full 4):
 garbage-first heap   total 102400K, used 38983K [0x0000000703000000, 0x0000000800000000)
  region size 2048K, 2 young (4096K), 2 survivors (4096K)
 Metaspace       used 69927K, committed 70592K, reserved 1114112K
  class space    used 9326K, committed 9664K, reserved 1048576K
}
Event: 557.248 GC heap before
{Heap before GC invocations=28 (full 4):
 garbage-first heap   total 102400K, used 77895K [0x0000000703000000, 0x0000000800000000)
  region size 2048K, 21 young (43008K), 2 survivors (4096K)
 Metaspace       used 75739K, committed 76416K, reserved 1179648K
  class space    used 10111K, committed 10432K, reserved 1048576K
}
Event: 557.255 GC heap after
{Heap after GC invocations=29 (full 4):
 garbage-first heap   total 102400K, used 42356K [0x0000000703000000, 0x0000000800000000)
  region size 2048K, 3 young (6144K), 3 survivors (6144K)
 Metaspace       used 75739K, committed 76416K, reserved 1179648K
  class space    used 10111K, committed 10432K, reserved 1048576K
}
Event: 1259.086 GC heap before
{Heap before GC invocations=29 (full 4):
 garbage-first heap   total 102400K, used 66932K [0x0000000703000000, 0x0000000800000000)
  region size 2048K, 16 young (32768K), 3 survivors (6144K)
 Metaspace       used 77297K, committed 78016K, reserved 1179648K
  class space    used 10283K, committed 10624K, reserved 1048576K
}
Event: 1259.173 GC heap after
{Heap after GC invocations=30 (full 5):
 garbage-first heap   total 102400K, used 35978K [0x0000000703000000, 0x0000000800000000)
  region size 2048K, 0 young (0K), 0 survivors (0K)
 Metaspace       used 77295K, committed 78016K, reserved 1179648K
  class space    used 10282K, committed 10624K, reserved 1048576K
}
Event: 1263.607 GC heap before
{Heap before GC invocations=30 (full 5):
 garbage-first heap   total 102400K, used 76938K [0x0000000703000000, 0x0000000800000000)
  region size 2048K, 20 young (40960K), 0 survivors (0K)
 Metaspace       used 77351K, committed 78080K, reserved 1179648K
  class space    used 10285K, committed 10624K, reserved 1048576K
}
Event: 1263.611 GC heap after
{Heap after GC invocations=31 (full 5):
 garbage-first heap   total 102400K, used 39827K [0x0000000703000000, 0x0000000800000000)
  region size 2048K, 2 young (4096K), 2 survivors (4096K)
 Metaspace       used 77351K, committed 78080K, reserved 1179648K
  class space    used 10285K, committed 10624K, reserved 1048576K
}
Event: 1266.592 GC heap before
{Heap before GC invocations=31 (full 5):
 garbage-first heap   total 102400K, used 74643K [0x0000000703000000, 0x0000000800000000)
  region size 2048K, 20 young (40960K), 2 survivors (4096K)
 Metaspace       used 77680K, committed 78336K, reserved 1179648K
  class space    used 10298K, committed 10624K, reserved 1048576K
}
Event: 1266.596 GC heap after
{Heap after GC invocations=32 (full 5):
 garbage-first heap   total 102400K, used 41688K [0x0000000703000000, 0x0000000800000000)
  region size 2048K, 2 young (4096K), 2 survivors (4096K)
 Metaspace       used 77680K, committed 78336K, reserved 1179648K
  class space    used 10298K, committed 10624K, reserved 1048576K
}

