# JRE version: Java(TM) SE Runtime Environment (17.0.12+8) (build 17.0.12+8-LTS-286)
# Java VM: Java HotSpot(TM) 64-Bit Server VM (17.0.12+8-LTS-286, mixed mode, sharing, tiered, compressed oops, compressed class ptrs, g1 gc, windows-amd64)
GC Precious Log:
 CPUs: 12 total, 12 available
 Memory: 16187M
 Large Page Support: Disabled
 NUMA Support: Disabled
 Compressed Oops: Enabled (Zero based)
 Heap Region Size: 2M
 Heap Min Capacity: 8M
 Heap Initial Capacity: 254M
 Heap Max Capacity: 4048M
 Pre-touch: Disabled
 Parallel Workers: 10
 Concurrent Workers: 3
 Concurrent Refinement Workers: 10
 Periodic GC: Disabled
Heap:
 garbage-first heap   total 102400K, used 61857K [0x0000000703000000, 0x0000000800000000)
  region size 2048K, 16 young (32768K), 2 survivors (4096K)
 Metaspace       used 74233K, committed 74880K, reserved 1114112K
  class space    used 9984K, committed 10304K, reserved 1048576K
GC Heap History (20 events):
Event: 10.221 GC heap before
{Heap before GC invocations=16 (full 0):
 garbage-first heap   total 102400K, used 78485K [0x0000000703000000, 0x0000000800000000)
  region size 2048K, 27 young (55296K), 3 survivors (6144K)
 Metaspace       used 65536K, committed 66112K, reserved 1114112K
  class space    used 8975K, committed 9280K, reserved 1048576K
}
Event: 10.226 GC heap after
{Heap after GC invocations=17 (full 0):
 garbage-first heap   total 102400K, used 33330K [0x0000000703000000, 0x0000000800000000)
  region size 2048K, 4 young (8192K), 4 survivors (8192K)
 Metaspace       used 65536K, committed 66112K, reserved 1114112K
  class space    used 8975K, committed 9280K, reserved 1048576K
}
Event: 210.270 GC heap before
{Heap before GC invocations=17 (full 0):
 garbage-first heap   total 102400K, used 43570K [0x0000000703000000, 0x0000000800000000)
  region size 2048K, 10 young (20480K), 4 survivors (8192K)
 Metaspace       used 66390K, committed 67008K, reserved 1114112K
  class space    used 9085K, committed 9408K, reserved 1048576K
}
Event: 210.307 GC heap after
{Heap after GC invocations=18 (full 1):
 garbage-first heap   total 102400K, used 28466K [0x0000000703000000, 0x0000000800000000)
  region size 2048K, 0 young (0K), 0 survivors (0K)
 Metaspace       used 66390K, committed 67008K, reserved 1114112K
  class space    used 9085K, committed 9408K, reserved 1048576K
}
Event: 212.859 GC heap before
{Heap before GC invocations=18 (full 1):
 garbage-first heap   total 102400K, used 75570K [0x0000000703000000, 0x0000000800000000)
  region size 2048K, 24 young (49152K), 0 survivors (0K)
 Metaspace       used 66522K, committed 67136K, reserved 1114112K
  class space    used 9094K, committed 9408K, reserved 1048576K
}
Event: 212.864 GC heap after
{Heap after GC invocations=19 (full 1):
 garbage-first heap   total 102400K, used 32778K [0x0000000703000000, 0x0000000800000000)
  region size 2048K, 3 young (6144K), 3 survivors (6144K)
 Metaspace       used 66522K, committed 67136K, reserved 1114112K
  class space    used 9094K, committed 9408K, reserved 1048576K
}
Event: 215.983 GC heap before
{Heap before GC invocations=19 (full 1):
 garbage-first heap   total 102400K, used 73738K [0x0000000703000000, 0x0000000800000000)
  region size 2048K, 24 young (49152K), 3 survivors (6144K)
 Metaspace       used 67057K, committed 67648K, reserved 1114112K
  class space    used 9118K, committed 9408K, reserved 1048576K
}
Event: 215.986 GC heap after
{Heap after GC invocations=20 (full 1):
 garbage-first heap   total 102400K, used 34947K [0x0000000703000000, 0x0000000800000000)
  region size 2048K, 2 young (4096K), 2 survivors (4096K)
 Metaspace       used 67057K, committed 67648K, reserved 1114112K
  class space    used 9118K, committed 9408K, reserved 1048576K
}
Event: 217.882 GC heap before
{Heap before GC invocations=20 (full 1):
 garbage-first heap   total 102400K, used 41091K [0x0000000703000000, 0x0000000800000000)
  region size 2048K, 6 young (12288K), 2 survivors (4096K)
 Metaspace       used 67096K, committed 67712K, reserved 1114112K
  class space    used 9120K, committed 9408K, reserved 1048576K
}
Event: 217.933 GC heap after
{Heap after GC invocations=21 (full 2):
 garbage-first heap   total 102400K, used 28796K [0x0000000703000000, 0x0000000800000000)
  region size 2048K, 0 young (0K), 0 survivors (0K)
 Metaspace       used 67094K, committed 67712K, reserved 1114112K
  class space    used 9119K, committed 9408K, reserved 1048576K
}
Event: 220.095 GC heap before
{Heap before GC invocations=21 (full 2):
 garbage-first heap   total 102400K, used 73852K [0x0000000703000000, 0x0000000800000000)
  region size 2048K, 23 young (47104K), 0 survivors (0K)
 Metaspace       used 67227K, committed 67840K, reserved 1114112K
  class space    used 9123K, committed 9408K, reserved 1048576K
}
Event: 220.099 GC heap after
{Heap after GC invocations=22 (full 2):
 garbage-first heap   total 102400K, used 32362K [0x0000000703000000, 0x0000000800000000)
  region size 2048K, 2 young (4096K), 2 survivors (4096K)
 Metaspace       used 67227K, committed 67840K, reserved 1114112K
  class space    used 9123K, committed 9408K, reserved 1048576K
}
Event: 223.084 GC heap before
{Heap before GC invocations=22 (full 2):
 garbage-first heap   total 102400K, used 75370K [0x0000000703000000, 0x0000000800000000)
  region size 2048K, 23 young (47104K), 2 survivors (4096K)
 Metaspace       used 67626K, committed 68288K, reserved 1114112K
  class space    used 9140K, committed 9472K, reserved 1048576K
}
Event: 223.087 GC heap after
{Heap after GC invocations=23 (full 2):
 garbage-first heap   total 102400K, used 35003K [0x0000000703000000, 0x0000000800000000)
  region size 2048K, 2 young (4096K), 2 survivors (4096K)
 Metaspace       used 67626K, committed 68288K, reserved 1114112K
  class space    used 9140K, committed 9472K, reserved 1048576K
}
Event: 941.471 GC heap before
{Heap before GC invocations=23 (full 2):
 garbage-first heap   total 102400K, used 47291K [0x0000000703000000, 0x0000000800000000)
  region size 2048K, 9 young (18432K), 2 survivors (4096K)
 Metaspace       used 67711K, committed 68352K, reserved 1114112K
  class space    used 9141K, committed 9472K, reserved 1048576K
}
Event: 941.524 GC heap after
{Heap after GC invocations=24 (full 3):
 garbage-first heap   total 102400K, used 29025K [0x0000000703000000, 0x0000000800000000)
  region size 2048K, 0 young (0K), 0 survivors (0K)
 Metaspace       used 67708K, committed 68352K, reserved 1114112K
  class space    used 9141K, committed 9472K, reserved 1048576K
}
Event: 943.738 GC heap before
{Heap before GC invocations=24 (full 3):
 garbage-first heap   total 102400K, used 76129K [0x0000000703000000, 0x0000000800000000)
  region size 2048K, 24 young (49152K), 0 survivors (0K)
 Metaspace       used 67857K, committed 68480K, reserved 1114112K
  class space    used 9149K, committed 9472K, reserved 1048576K
}
Event: 943.742 GC heap after
{Heap after GC invocations=25 (full 3):
 garbage-first heap   total 102400K, used 32392K [0x0000000703000000, 0x0000000800000000)
  region size 2048K, 2 young (4096K), 2 survivors (4096K)
 Metaspace       used 67857K, committed 68480K, reserved 1114112K
  class space    used 9149K, committed 9472K, reserved 1048576K
}
Event: 948.218 GC heap before
{Heap before GC invocations=25 (full 3):
 garbage-first heap   total 102400K, used 77448K [0x0000000703000000, 0x0000000800000000)
  region size 2048K, 24 young (49152K), 2 survivors (4096K)
 Metaspace       used 68835K, committed 69504K, reserved 1114112K
  class space    used 9247K, committed 9600K, reserved 1048576K
}
Event: 948.223 GC heap after
{Heap after GC invocations=26 (full 3):
 garbage-first heap   total 102400K, used 35233K [0x0000000703000000, 0x0000000800000000)
  region size 2048K, 2 young (4096K), 2 survivors (4096K)
 Metaspace       used 68835K, committed 69504K, reserved 1114112K
  class space    used 9247K, committed 9600K, reserved 1048576K
}

